Manufacturer:ZTE;
ProductClass:F680;
IP:192.168.1.1;
HWVer:V6.0.01;
SWVer:V6.0.20P1N43D;

2023-09-24T15:45:42Z [Warning] Call function failed!GetInterFaceBaseInfo[DEV.ETH.LINK1]
2023-09-24T15:45:42Z [Warning] Call function failed!GetInterFaceBaseInfo[DEV.ETH.VLAN1]
2023-09-24T15:45:42Z [Warning] Call function failed!GetInterFaceBaseInfo[DEV.ETH.VLAN5]
2023-09-24T15:45:42Z [Warning] Call function failed!GetInterFaceBaseInfo[DEV.ETH.VLAN3]
2023-09-24T15:45:42Z [Warning] Call function failed!GetInterFaceBaseInfo[DEV.ETH.VLAN4]
2023-09-24T15:45:42Z [Warning] call dbAPIQryView failed!IF_ID[DEV.ETH.VLAN5], count[0]
2023-09-24T15:45:42Z [Warning] call dbAPIQryView failed!IF_ID[DEV.ETH.VLAN4], count[0]
2023-09-24T15:45:42Z [Warning] call dbAPIQryView failed!IF_ID[DEV.ETH.VLAN3], count[0]
2023-09-24T15:45:42Z [Warning] call dbAPIQryView failed!IF_ID[DEV.ETH.VLAN1], count[0]
2023-09-24T15:45:42Z [Warning] call dbAPIQryView failed!IF_ID[DEV.ETH.VLAN5], count[0]
2023-09-24T15:45:42Z [Warning] call dbAPIQryView failed!IF_ID[DEV.ETH.VLAN5], count[0]
2023-09-24T15:45:42Z [Warning] Call function failed! startSlaacInst
2023-09-24T15:45:42Z [Warning] call dbAPIQryView failed!IF_ID[DEV.ETH.VLAN4], count[0]
2023-09-24T15:45:42Z [Warning] call dbAPIQryView failed!IF_ID[DEV.ETH.VLAN4], count[0]
2023-09-24T15:45:42Z [Warning] Call function failed! startSlaacInst
2023-09-24T15:45:42Z [Warning] call dbAPIQryView failed!IF_ID[DEV.ETH.VLAN3], count[0]
2023-09-24T15:45:42Z [Warning] call dbAPIQryView failed!IF_ID[DEV.ETH.VLAN3], count[0]
2023-09-24T15:45:42Z [Warning] Call function failed! startSlaacInst
2023-09-24T15:45:42Z [Warning] call dbAPIQryView failed!IF_ID[DEV.ETH.VLAN1], count[0]
2023-09-24T15:45:42Z [Warning] call dbAPIQryView failed!IF_ID[DEV.ETH.VLAN1], count[0]
2023-09-24T15:45:42Z [Warning] Call function failed! startSlaacInst
2023-09-24T15:45:43Z [Warning] Call function failed!GetInterFaceBaseInfo[DEV.BRIDGING.BR1.BRPORT1]
2023-09-24T15:45:43Z [Warning] Call function failed!GetInterFaceBaseInfo[DEV.OPTICAL.IF1]
2023-09-24T15:45:43Z [Warning] Call function failed!GetInterFaceBaseInfo[DEV.OPTICAL.IF1]
2023-09-24T15:45:43Z [Warning] Call function failed!GetInterFaceBaseInfo[DEV.OPTICAL.IF1]
2023-09-24T15:45:43Z [Warning] Call function failed!GetInterFaceBaseInfo[DEV.OPTICAL.IF1]
2023-09-24T15:45:43Z [Warning] Call function failed!GetInterFaceBaseInfo[DEV.BRIDGING.BR1.BRPORT2]
2023-09-24T15:45:43Z [Warning] Call function failed!GetInterFaceBaseInfo[DEV.BRIDGING.BR1.BRPORT3]
2023-09-24T15:45:43Z [Warning] Call function failed!GetInterFaceBaseInfo[DEV.BRIDGING.BR1.BRPORT4]
2023-09-24T15:45:43Z [Warning] Call function failed!GetInterFaceBaseInfo[DEV.BRIDGING.BR1.BRPORT5]
2023-09-24T15:45:43Z [Warning] Call function failed!GetInterFaceBaseInfo[DEV.BRIDGING.BR1.BRPORT6]
2023-09-24T15:45:43Z [Warning] Call function failed!GetInterFaceBaseInfo[DEV.BRIDGING.BR1.BRPORT7]
2023-09-24T15:45:43Z [Warning] Call function failed!GetInterFaceBaseInfo[DEV.BRIDGING.BR1.BRPORT8]
2023-09-24T15:45:43Z [Warning] Call function failed!GetInterFaceBaseInfo[DEV.BRIDGING.BR1.BRPORT9]
2023-09-24T15:45:43Z [Warning] Call function failed!GetInterFaceBaseInfo[DEV.BRIDGING.BR1.BRPORT10]
2023-09-24T15:45:43Z [Warning] Call function failed!GetInterFaceBaseInfo[DEV.BRIDGING.BR1.BRPORT11]
2023-09-24T15:45:43Z [Warning] Call function failed!GetInterFaceBaseInfo[DEV.BRIDGING.BR1.BRPORT12]
2023-09-24T15:45:43Z [Warning] Call function failed!GetInterFaceBaseInfo[DEV.BRIDGING.BR1.BRPORT13]
2023-09-24T15:45:43Z [Warning] Call function failed!GetInterFaceBaseInfo[DEV.BRIDGING.BR1.BRPORT14]
2023-09-24T15:45:43Z [Warning] Call function failed!GetInterFaceBaseInfo[DEV.ETH.IF1]
2023-09-24T15:45:43Z [Warning] Call function failed!GetInterFaceBaseInfo[DEV.ETH.IF2]
2023-09-24T15:45:43Z [Warning] Call function failed!GetInterFaceBaseInfo[DEV.ETH.IF3]
2023-09-24T15:45:43Z [Warning] Call function failed!GetInterFaceBaseInfo[DEV.ETH.IF4]
2023-09-24T15:45:43Z [Warning] Call function failed!GetInterFaceBaseInfo[DEV.OPTICAL.IF1]
2023-09-24T15:45:45Z [Error] get view failed VID(Brport) VN(DEV.IP.IF4) Err(-5)
2023-09-24T15:45:45Z [Error] get view failed VID(Brport) VN(DEV.IP.IF4) Err(-5)
2023-09-24T15:45:45Z [Error] get view failed VID(Brport) VN(DEV.IP.IF4) Err(-5)
2023-09-24T15:45:45Z [Error] get view failed VID(Brport) VN(DEV.IP.IF4) Err(-5)
2023-09-24T15:45:45Z [Error] get view failed VID(Brport) VN(DEV.IP.IF4) Err(-5)
2023-09-24T15:45:45Z [Error] get view failed VID(Brport) VN(DEV.IP.IF4) Err(-5)
2023-09-24T15:45:45Z [Error] get view failed VID(Brport) VN(DEV.IP.IF4) Err(-5)
2023-09-24T15:45:45Z [Error] get view failed VID(Brport) VN(DEV.IP.IF4) Err(-5)
2023-09-24T15:45:45Z [Error] get view failed VID(Brport) VN(DEV.IP.IF4) Err(-5)
2023-09-24T15:45:45Z [Error] get view failed VID(Brport) VN(DEV.IP.IF4) Err(-5)
2023-09-24T15:45:45Z [Error] get view failed VID(Brport) VN(DEV.IP.IF4) Err(-5)
2023-09-24T15:45:45Z [Error] get view failed VID(Brport) VN(DEV.IP.IF4) Err(-5)
2023-09-24T15:45:45Z [Error] get view failed VID(Brport) VN(DEV.IP.IF4) Err(-5)
2023-09-24T15:45:45Z [Warning] call dbAPIQryView failed!DBVIEW_DDNS_SERVICE,name 
2023-09-24T15:45:45Z [Warning] Call function failed!ddnsAddClientListNode
2023-09-24T15:45:45Z [Warning] Call function failed!RegisterPrefixNotify
2023-09-24T15:45:47Z [Warning] Unknown Event=0x00001100 when BCC PowerOn!
2023-09-24T15:45:47Z [Error] get view failed VID(ScheduleInform) VN(DEV.ScheduleInform1) Err(-5)
2023-09-24T15:45:51Z [Error] s32ActCount = 0  errno=[0:Success] !!! 
2023-09-24T15:45:51Z [Error] [gponomci.omci.omci] recv ack from [cspd.cspd.bridge],MsgId[0x00029506],dwUsedTicks[502] timeout !!!
2023-09-24T15:45:51Z [Error] [gponomci.omci.omci] SSEND socket Message[0X9506] to [cspd.cspd.bridge] failed  
2023-09-24T15:45:52Z [Error] s32ActCount = 0  errno=[0:Success] !!! 
2023-09-24T15:45:52Z [Error] [upnp.upnptask.upnp_igd] recv ack from [cspd.cspd.route_mgr],MsgId[0x00029a13],dwUsedTicks[502] timeout !!!
2023-09-24T15:45:52Z [Error] [upnp.upnptask.upnp_igd] SSEND socket Message[0X9A13] to [cspd.cspd.route_mgr] failed  
2023-09-24T15:45:52Z [Warning] Call function failed!
2023-09-24T15:45:52Z [Warning] record not find,function getQueryRecord,ip [192.168.1.100]
2023-09-24T15:45:52Z [Warning] DebugPrintf(--------- show querying info,count=2,currtime=28 ---------
),iSndLen=-1,iLen=59,errno=[2:No such file or directory]
2023-09-24T15:45:52Z [Warning] DebugPrintf(queryrecord[0], mac=40:3f:8c:f8:0f:58
),iSndLen=-1,iLen=38,errno=[2:No such file or directory]
2023-09-24T15:45:52Z [Warning] DebugPrintf(queryrecord[0]=0x289990
),iSndLen=-1,iLen=24,errno=[2:No such file or directory]
2023-09-24T15:45:52Z [Warning] DebugPrintf(queryrecord[0],querying ip=192.168.1.3
),iSndLen=-1,iLen=39,errno=[2:No such file or directory]
2023-09-24T15:45:52Z [Warning] DebugPrintf(queryrecord[0],request ip=0.0.0.0
),iSndLen=-1,iLen=34,errno=[2:No such file or directory]
2023-09-24T15:45:52Z [Warning] DebugPrintf(queryrecord[0],expiredtime=30
),iSndLen=-1,iLen=30,errno=[2:No such file or directory]
2023-09-24T15:45:52Z [Warning] DebugPrintf(queryrecord[1], mac=68:b5:99:3c:5a:03
),iSndLen=-1,iLen=38,errno=[2:No such file or directory]
2023-09-24T15:45:52Z [Warning] DebugPrintf(queryrecord[1]=0x2dc350
),iSndLen=-1,iLen=24,errno=[2:No such file or directory]
2023-09-24T15:45:52Z [Warning] DebugPrintf(queryrecord[1],querying ip=192.168.1.2
),iSndLen=-1,iLen=39,errno=[2:No such file or directory]
2023-09-24T15:45:52Z [Warning] DebugPrintf(queryrecord[1],request ip=0.0.0.0
),iSndLen=-1,iLen=34,errno=[2:No such file or directory]
2023-09-24T15:45:52Z [Warning] DebugPrintf(queryrecord[1],expiredtime=30
),iSndLen=-1,iLen=30,errno=[2:No such file or directory]
2023-09-24T15:45:52Z [Warning] record not find,function getQueryRecord,ip [192.168.1.100]
2023-09-24T15:45:52Z [Warning] DebugPrintf(--------- show querying info,count=2,currtime=28 ---------
),iSndLen=-1,iLen=59,errno=[2:No such file or directory]
2023-09-24T15:45:52Z [Warning] DebugPrintf(queryrecord[0], mac=40:3f:8c:f8:0f:58
),iSndLen=-1,iLen=38,errno=[2:No such file or directory]
2023-09-24T15:45:52Z [Warning] DebugPrintf(queryrecord[0]=0x289990
),iSndLen=-1,iLen=24,errno=[2:No such file or directory]
2023-09-24T15:45:52Z [Warning] DebugPrintf(queryrecord[0],querying ip=192.168.1.3
),iSndLen=-1,iLen=39,errno=[2:No such file or directory]
2023-09-24T15:45:52Z [Warning] DebugPrintf(queryrecord[0],request ip=0.0.0.0
),iSndLen=-1,iLen=34,errno=[2:No such file or directory]
2023-09-24T15:45:52Z [Warning] DebugPrintf(queryrecord[0],expiredtime=30
),iSndLen=-1,iLen=30,errno=[2:No such file or directory]
2023-09-24T15:45:52Z [Warning] DebugPrintf(queryrecord[1], mac=68:b5:99:3c:5a:03
),iSndLen=-1,iLen=38,errno=[2:No such file or directory]
2023-09-24T15:45:52Z [Warning] DebugPrintf(queryrecord[1]=0x2dc350
),iSndLen=-1,iLen=24,errno=[2:No such file or directory]
2023-09-24T15:45:52Z [Warning] DebugPrintf(queryrecord[1],querying ip=192.168.1.2
),iSndLen=-1,iLen=39,errno=[2:No such file or directory]
2023-09-24T15:45:52Z [Warning] DebugPrintf(queryrecord[1],request ip=0.0.0.0
),iSndLen=-1,iLen=34,errno=[2:No such file or directory]
2023-09-24T15:45:52Z [Warning] DebugPrintf(queryrecord[1],expiredtime=30
),iSndLen=-1,iLen=30,errno=[2:No such file or directory]
2023-09-24T15:45:53Z [Warning] record not find,function getQueryRecord,ip [192.168.1.31]
2023-09-24T15:45:53Z [Warning] DebugPrintf(--------- show querying info,count=1,currtime=29 ---------
),iSndLen=-1,iLen=59,errno=[2:No such file or directory]
2023-09-24T15:45:53Z [Warning] DebugPrintf(queryrecord[0], mac=68:b5:99:3c:5a:03
),iSndLen=-1,iLen=38,errno=[2:No such file or directory]
2023-09-24T15:45:53Z [Warning] DebugPrintf(queryrecord[0]=0x2dc350
),iSndLen=-1,iLen=24,errno=[2:No such file or directory]
2023-09-24T15:45:53Z [Warning] DebugPrintf(queryrecord[0],querying ip=192.168.1.4
),iSndLen=-1,iLen=39,errno=[2:No such file or directory]
2023-09-24T15:45:53Z [Warning] DebugPrintf(queryrecord[0],request ip=0.0.0.0
),iSndLen=-1,iLen=34,errno=[2:No such file or directory]
2023-09-24T15:45:53Z [Warning] DebugPrintf(queryrecord[0],expiredtime=31
),iSndLen=-1,iLen=30,errno=[2:No such file or directory]
2023-09-24T15:45:53Z [Warning] record not find,function getQueryRecord,ip [192.168.1.80]
2023-09-24T15:45:53Z [Warning] DebugPrintf(--------- show querying info,count=1,currtime=29 ---------
),iSndLen=-1,iLen=59,errno=[2:No such file or directory]
2023-09-24T15:45:53Z [Warning] DebugPrintf(queryrecord[0], mac=68:b5:99:3c:5a:03
),iSndLen=-1,iLen=38,errno=[2:No such file or directory]
2023-09-24T15:45:53Z [Warning] DebugPrintf(queryrecord[0]=0x2dc350
),iSndLen=-1,iLen=24,errno=[2:No such file or directory]
2023-09-24T15:45:53Z [Warning] DebugPrintf(queryrecord[0],querying ip=192.168.1.4
),iSndLen=-1,iLen=39,errno=[2:No such file or directory]
2023-09-24T15:45:53Z [Warning] DebugPrintf(queryrecord[0],request ip=0.0.0.0
),iSndLen=-1,iLen=34,errno=[2:No such file or directory]
2023-09-24T15:45:53Z [Warning] DebugPrintf(queryrecord[0],expiredtime=31
),iSndLen=-1,iLen=30,errno=[2:No such file or directory]
2023-09-24T15:45:53Z [Warning] record not find,function getQueryRecord,ip [192.168.1.23]
2023-09-24T15:45:53Z [Warning] DebugPrintf(--------- show querying info,count=1,currtime=29 ---------
),iSndLen=-1,iLen=59,errno=[2:No such file or directory]
2023-09-24T15:45:53Z [Warning] DebugPrintf(queryrecord[0], mac=68:b5:99:3c:5a:03
),iSndLen=-1,iLen=38,errno=[2:No such file or directory]
2023-09-24T15:45:53Z [Warning] DebugPrintf(queryrecord[0]=0x2dc350
),iSndLen=-1,iLen=24,errno=[2:No such file or directory]
2023-09-24T15:45:53Z [Warning] DebugPrintf(queryrecord[0],querying ip=192.168.1.4
),iSndLen=-1,iLen=39,errno=[2:No such file or directory]
2023-09-24T15:45:53Z [Warning] DebugPrintf(queryrecord[0],request ip=0.0.0.0
),iSndLen=-1,iLen=34,errno=[2:No such file or directory]
2023-09-24T15:45:53Z [Warning] DebugPrintf(queryrecord[0],expiredtime=31
),iSndLen=-1,iLen=30,errno=[2:No such file or directory]
2023-09-24T15:45:53Z [Error] Ack wEvent = 0x9506 Msg wEvent = 0x9506  wAckLen = 12 wAckBuffLen = 8192 wAckCheck = 1         wSynCheck = 2
2023-09-24T15:45:53Z [Error] [cspd.cspd.bridge] ASEND [0xA25F] to [multiapd.map.slave],(swLen=-1)<(Len=1212),path=/var/tmp/multiapd.map_asy,errno=[2:No such file or directory] !
2023-09-24T15:45:53Z [Error] [cspd.cspd.switch] ASEND [0xA25F] to [multiapd.map.slave],(swLen=-1)<(Len=1212),path=/var/tmp/multiapd.map_asy,errno=[2:No such file or directory] !
2023-09-24T15:45:53Z [Error] [cspd.cspd.switch] ASEND [0xA25F] to [multiapd.map.slave],(swLen=-1)<(Len=1212),path=/var/tmp/multiapd.map_asy,errno=[2:No such file or directory] !
2023-09-24T15:45:53Z [Warning] call dbAPIQryView failed!IF_ID[DEV.ETH.IF5], count[0]
2023-09-24T15:45:53Z [Warning] call dbAPIQryView failed!IF_ID[DEV.ETH.IF5], count[0]
2023-09-24T15:45:53Z [Warning] call dbAPIQryView failed!IF_ID[DEV.ETH.IF5], count[0]
2023-09-24T15:45:53Z [Warning] call dbAPIQryView failed!IF_ID[DEV.ETH.IF5], count[0]
2023-09-24T15:45:53Z [Warning] record not find,function getQueryRecord,ip [192.168.1.13]
2023-09-24T15:45:53Z [Warning] DebugPrintf(--------- show querying info,count=1,currtime=29 ---------
),iSndLen=-1,iLen=59,errno=[2:No such file or directory]
2023-09-24T15:45:53Z [Warning] DebugPrintf(queryrecord[0], mac=68:b5:99:3c:5a:03
),iSndLen=-1,iLen=38,errno=[2:No such file or directory]
2023-09-24T15:45:53Z [Warning] DebugPrintf(queryrecord[0]=0x2dc350
),iSndLen=-1,iLen=24,errno=[2:No such file or directory]
2023-09-24T15:45:53Z [Warning] DebugPrintf(queryrecord[0],querying ip=192.168.1.4
),iSndLen=-1,iLen=39,errno=[2:No such file or directory]
2023-09-24T15:45:53Z [Warning] DebugPrintf(queryrecord[0],request ip=0.0.0.0
),iSndLen=-1,iLen=34,errno=[2:No such file or directory]
2023-09-24T15:45:53Z [Warning] DebugPrintf(queryrecord[0],expiredtime=31
),iSndLen=-1,iLen=30,errno=[2:No such file or directory]
2023-09-24T15:45:54Z [Warning] WAN sendto failed socket fd[0x0],ip[0xd000b0a],port[50195],wPktlen[398],SendRet[-1],error[88],errorinfo[Socket operation on non-socket]
2023-09-24T15:45:55Z [Warning] record not find,function getQueryRecord,ip [192.168.1.3]
2023-09-24T15:45:55Z [Warning] DebugPrintf(--------- show querying info,count=2,currtime=31 ---------
),iSndLen=-1,iLen=59,errno=[2:No such file or directory]
2023-09-24T15:45:55Z [Warning] DebugPrintf(queryrecord[0], mac=68:b5:99:3c:5a:03
),iSndLen=-1,iLen=38,errno=[2:No such file or directory]
2023-09-24T15:45:55Z [Warning] DebugPrintf(queryrecord[0]=0x2dc350
),iSndLen=-1,iLen=24,errno=[2:No such file or directory]
2023-09-24T15:45:55Z [Warning] DebugPrintf(queryrecord[0],querying ip=192.168.1.4
),iSndLen=-1,iLen=39,errno=[2:No such file or directory]
2023-09-24T15:45:55Z [Warning] DebugPrintf(queryrecord[0],request ip=0.0.0.0
),iSndLen=-1,iLen=34,errno=[2:No such file or directory]
2023-09-24T15:45:55Z [Warning] DebugPrintf(queryrecord[0],expiredtime=31
),iSndLen=-1,iLen=30,errno=[2:No such file or directory]
2023-09-24T15:45:55Z [Warning] DebugPrintf(queryrecord[1], mac=70:03:9f:73:c9:ba
),iSndLen=-1,iLen=38,errno=[2:No such file or directory]
2023-09-24T15:45:55Z [Warning] DebugPrintf(queryrecord[1]=0x2d8300
),iSndLen=-1,iLen=24,errno=[2:No such file or directory]
2023-09-24T15:45:55Z [Warning] DebugPrintf(queryrecord[1],querying ip=192.168.1.5
),iSndLen=-1,iLen=39,errno=[2:No such file or directory]
2023-09-24T15:45:55Z [Warning] DebugPrintf(queryrecord[1],request ip=0.0.0.0
),iSndLen=-1,iLen=34,errno=[2:No such file or directory]
2023-09-24T15:45:55Z [Warning] DebugPrintf(queryrecord[1],expiredtime=32
),iSndLen=-1,iLen=30,errno=[2:No such file or directory]
2023-09-24T15:45:56Z [Warning] Call function failed!No StateMachine, Mac [68:b5:99:3c:5a:03]
2023-09-24T15:45:57Z [Warning] WAN sendto failed socket fd[0x0],ip[0xd000b0a],port[50195],wPktlen[432],SendRet[-1],error[88],errorinfo[Socket operation on non-socket]
2023-09-24T15:45:57Z [Warning] [SIP] 104105 : user0 transport failed
2023-09-24T15:45:59Z [Warning] record not find,function getQueryRecord,ip [192.168.1.21]
2023-09-24T15:45:59Z [Warning] DebugPrintf(--------- show querying info,count=1,currtime=35 ---------
),iSndLen=-1,iLen=59,errno=[2:No such file or directory]
2023-09-24T15:45:59Z [Warning] DebugPrintf(queryrecord[0], mac=50:02:91:03:7c:17
),iSndLen=-1,iLen=38,errno=[2:No such file or directory]
2023-09-24T15:45:59Z [Warning] DebugPrintf(queryrecord[0]=0x2ce4e0
),iSndLen=-1,iLen=24,errno=[2:No such file or directory]
2023-09-24T15:45:59Z [Warning] DebugPrintf(queryrecord[0],querying ip=192.168.1.2
),iSndLen=-1,iLen=39,errno=[2:No such file or directory]
2023-09-24T15:45:59Z [Warning] DebugPrintf(queryrecord[0],request ip=0.0.0.0
),iSndLen=-1,iLen=34,errno=[2:No such file or directory]
2023-09-24T15:45:59Z [Warning] DebugPrintf(queryrecord[0],expiredtime=36
),iSndLen=-1,iLen=30,errno=[2:No such file or directory]
2023-09-24T15:46:05Z [Error] [multiapd.map.slave] ASEND [0xA258] to [multiapd.topo.topo],(swLen=-1)<(Len=1140),path=/var/tmp/multiapd.topo_asy,errno=[2:No such file or directory] !
2023-09-24T15:46:07Z [Warning] record not find,function getQueryRecord,ip [192.168.1.5]
2023-09-24T15:46:07Z [Warning] DebugPrintf(--------- show querying info,count=1,currtime=43 ---------
),iSndLen=-1,iLen=59,errno=[2:No such file or directory]
2023-09-24T15:46:07Z [Warning] DebugPrintf(queryrecord[0], mac=80:19:70:a6:69:4c
),iSndLen=-1,iLen=38,errno=[2:No such file or directory]
2023-09-24T15:46:07Z [Warning] DebugPrintf(queryrecord[0]=0x2d23a0
),iSndLen=-1,iLen=24,errno=[2:No such file or directory]
2023-09-24T15:46:07Z [Warning] DebugPrintf(queryrecord[0],querying ip=192.168.1.9
),iSndLen=-1,iLen=39,errno=[2:No such file or directory]
2023-09-24T15:46:07Z [Warning] DebugPrintf(queryrecord[0],request ip=0.0.0.0
),iSndLen=-1,iLen=34,errno=[2:No such file or directory]
2023-09-24T15:46:07Z [Warning] DebugPrintf(queryrecord[0],expiredtime=43
),iSndLen=-1,iLen=30,errno=[2:No such file or directory]
2023-09-24T15:46:08Z [Warning]  OssEventListCallChain id = 0xa461!!
2023-09-24T15:46:08Z [Warning]  OssEventListCallChain id = 0xa461!!
2023-09-24T15:46:08Z [Warning]  OssEventListCallChain id = 0x0041!!
2023-09-24T15:46:09Z [Warning] receive EV_DB_HOT_RESTART message
2023-09-24T15:46:09Z [Warning]  OssEventListCallChain id = 0x0041!!
2023-09-24T15:46:09Z [Warning]  OssEventListCallChain id = 0x0037!!
2023-09-24T15:46:09Z [Warning]  OssEventListCallChain id = 0x0039!!
2023-09-24T15:46:09Z [Warning]  OssEventListCallChain id = 0x0034!!
2023-09-24T15:46:09Z [Error] [multiapd.map.slave] ASEND [0xA258] to [multiapd.topo.topo],(swLen=-1)<(Len=1140),path=/var/tmp/multiapd.topo_asy,errno=[2:No such file or directory] !
2023-09-24T15:46:09Z [Warning]  OssEventListCallChain id = 0xa461!!
2023-09-24T15:46:09Z [Warning]  OssEventListCallChain id = 0xa461!!
2023-09-24T15:46:10Z [Error] [multiapd.map.slave] ASEND [0xA258] to [multiapd.topo.topo],(swLen=-1)<(Len=1140),path=/var/tmp/multiapd.topo_asy,errno=[2:No such file or directory] !
2023-09-24T15:46:10Z [Warning]  OssEventListCallChain id = 0x0035!!
2023-09-24T15:46:10Z [Warning] pName(route) ,startMode=0x0000,fpid=cspd.dhcp4c_task.dhcp4c,Starter(dhcp4c)
2023-09-24T15:46:10Z [Warning] pName(IP_RULE_CMD) ,startMode=0x0000,fpid=cspd.dhcp4c_task.dhcp4c,Starter(dhcp4c)
2023-09-24T15:46:10Z [Warning] pName(route) ,startMode=0x0000,fpid=cspd.dhcp4c_task.dhcp4c,Starter(dhcp4c)
2023-09-24T15:46:10Z [Warning] pName(IP_RULE_CMD) ,startMode=0x0000,fpid=cspd.dhcp4c_task.dhcp4c,Starter(dhcp4c)
2023-09-24T15:46:10Z [Warning] pName(route) ,startMode=0x0000,fpid=cspd.dhcp4c_task.dhcp4c,Starter(dhcp4c)
2023-09-24T15:46:10Z [Warning] pName(IP_RULE_CMD) ,startMode=0x0000,fpid=cspd.dhcp4c_task.dhcp4c,Starter(dhcp4c)
2023-09-24T15:46:10Z [Warning]  OssEventListCallChain id = 0x0040!!
2023-09-24T15:46:10Z [Warning] pName(route) ,startMode=0x0000,fpid=cspd.dhcp4c_task.dhcp4c,Starter(dhcp4c)
2023-09-24T15:46:10Z [Warning]  OssEventListCallChain id = 0x0041!!
2023-09-24T15:46:10Z [Warning]  OssEventListCallChain id = 0x003b!!
2023-09-24T15:46:10Z [Warning] pName(IP_RULE_CMD) ,startMode=0x0000,fpid=cspd.dhcp4c_task.dhcp4c,Starter(dhcp4c)
2023-09-24T15:46:12Z [Error] [multiapd.map.slave] ASEND [0xA258] to [multiapd.topo.topo],(swLen=-1)<(Len=1140),path=/var/tmp/multiapd.topo_asy,errno=[2:No such file or directory] !
2023-09-24T15:46:16Z [Error] [cspd.dhcp4c_task.dhcp4c] SSEND [0x9C24] to [cspd.cspd.dns_mgr] VOS_TakeSem  dwTmpTimeout[3000] 
2023-09-24T15:46:16Z [Warning] [SIP] user0 in service
2023-09-24T15:46:17Z [Error] [cspd.cspd.dns_mgr] ack Event[0x9C24] to sender[cspd.dhcp4c_task.dhcp4c] timeout!SynCheck=9,SSendMsgCnt=10!
2023-09-24T15:46:17Z [Warning]  OssEventListCallChain id = 0x0041!!
2023-09-24T15:46:17Z [Warning] record not find,function getQueryRecord,ip [192.168.1.23]
2023-09-24T15:46:17Z [Warning] DebugPrintf(--------- show querying info,count=1,currtime=53 ---------
),iSndLen=-1,iLen=59,errno=[2:No such file or directory]
2023-09-24T15:46:17Z [Warning] DebugPrintf(queryrecord[0], mac=ac:ae:19:52:5c:11
),iSndLen=-1,iLen=38,errno=[2:No such file or directory]
2023-09-24T15:46:17Z [Warning] DebugPrintf(queryrecord[0]=0x2dd4c8
),iSndLen=-1,iLen=24,errno=[2:No such file or directory]
2023-09-24T15:46:17Z [Warning] DebugPrintf(queryrecord[0],querying ip=192.168.1.10
),iSndLen=-1,iLen=40,errno=[2:No such file or directory]
2023-09-24T15:46:17Z [Warning] DebugPrintf(queryrecord[0],request ip=0.0.0.0
),iSndLen=-1,iLen=34,errno=[2:No such file or directory]
2023-09-24T15:46:17Z [Warning] DebugPrintf(queryrecord[0],expiredtime=55
),iSndLen=-1,iLen=30,errno=[2:No such file or directory]
2023-09-24T15:46:18Z [Error] get view failed VID(ScheduleInform) VN(DEV.ScheduleInform1) Err(-5)
2023-09-24T15:46:18Z [Warning] parameter is NULL!
2023-09-24T15:46:18Z [Warning] record not find,function getQueryRecord,ip [192.168.1.80]
2023-09-24T15:46:18Z [Warning] DebugPrintf(--------- show querying info,count=1,currtime=54 ---------
),iSndLen=-1,iLen=59,errno=[2:No such file or directory]
2023-09-24T15:46:18Z [Warning] DebugPrintf(queryrecord[0], mac=ac:ae:19:52:5c:11
),iSndLen=-1,iLen=38,errno=[2:No such file or directory]
2023-09-24T15:46:18Z [Warning] DebugPrintf(queryrecord[0]=0x2dd4c8
),iSndLen=-1,iLen=24,errno=[2:No such file or directory]
2023-09-24T15:46:18Z [Warning] DebugPrintf(queryrecord[0],querying ip=192.168.1.10
),iSndLen=-1,iLen=40,errno=[2:No such file or directory]
2023-09-24T15:46:18Z [Warning] DebugPrintf(queryrecord[0],request ip=0.0.0.0
),iSndLen=-1,iLen=34,errno=[2:No such file or directory]
2023-09-24T15:46:18Z [Warning] DebugPrintf(queryrecord[0],expiredtime=55
),iSndLen=-1,iLen=30,errno=[2:No such file or directory]
2023-09-24T15:46:18Z [Warning] record not find,function getQueryRecord,ip [192.168.1.17]
2023-09-24T15:46:18Z [Warning] DebugPrintf(--------- show querying info,count=2,currtime=54 ---------
),iSndLen=-1,iLen=59,errno=[2:No such file or directory]
2023-09-24T15:46:18Z [Warning] DebugPrintf(queryrecord[0], mac=ac:ae:19:52:5c:11
),iSndLen=-1,iLen=38,errno=[2:No such file or directory]
2023-09-24T15:46:18Z [Warning] DebugPrintf(queryrecord[0]=0x2dd4c8
),iSndLen=-1,iLen=24,errno=[2:No such file or directory]
2023-09-24T15:46:18Z [Warning] DebugPrintf(queryrecord[0],querying ip=192.168.1.10
),iSndLen=-1,iLen=40,errno=[2:No such file or directory]
2023-09-24T15:46:18Z [Warning] DebugPrintf(queryrecord[0],request ip=0.0.0.0
),iSndLen=-1,iLen=34,errno=[2:No such file or directory]
2023-09-24T15:46:18Z [Warning] DebugPrintf(queryrecord[0],expiredtime=55
),iSndLen=-1,iLen=30,errno=[2:No such file or directory]
2023-09-24T15:46:18Z [Warning] DebugPrintf(queryrecord[1], mac=50:02:91:03:7c:17
),iSndLen=-1,iLen=38,errno=[2:No such file or directory]
2023-09-24T15:46:18Z [Warning] DebugPrintf(queryrecord[1]=0x2dfec0
),iSndLen=-1,iLen=24,errno=[2:No such file or directory]
2023-09-24T15:46:18Z [Warning] DebugPrintf(queryrecord[1],querying ip=192.168.1.12
),iSndLen=-1,iLen=40,errno=[2:No such file or directory]
2023-09-24T15:46:18Z [Warning] DebugPrintf(queryrecord[1],request ip=0.0.0.0
),iSndLen=-1,iLen=34,errno=[2:No such file or directory]
2023-09-24T15:46:18Z [Warning] DebugPrintf(queryrecord[1],expiredtime=56
),iSndLen=-1,iLen=30,errno=[2:No such file or directory]
2023-09-24T15:46:20Z [Warning] record not find,function getQueryRecord,ip [192.168.1.3]
2023-09-24T15:46:20Z [Warning] DebugPrintf(--------- show querying info,count=1,currtime=56 ---------
),iSndLen=-1,iLen=59,errno=[2:No such file or directory]
2023-09-24T15:46:20Z [Warning] DebugPrintf(queryrecord[0], mac=50:02:91:03:7c:17
),iSndLen=-1,iLen=38,errno=[2:No such file or directory]
2023-09-24T15:46:20Z [Warning] DebugPrintf(queryrecord[0]=0x2dfec0
),iSndLen=-1,iLen=24,errno=[2:No such file or directory]
2023-09-24T15:46:20Z [Warning] DebugPrintf(queryrecord[0],querying ip=192.168.1.12
),iSndLen=-1,iLen=40,errno=[2:No such file or directory]
2023-09-24T15:46:20Z [Warning] DebugPrintf(queryrecord[0],request ip=0.0.0.0
),iSndLen=-1,iLen=34,errno=[2:No such file or directory]
2023-09-24T15:46:20Z [Warning] DebugPrintf(queryrecord[0],expiredtime=56
),iSndLen=-1,iLen=30,errno=[2:No such file or directory]
2023-09-24T15:46:22Z [Warning] record not find,function getQueryRecord,ip [192.168.1.8]
2023-09-24T15:46:22Z [Warning] DebugPrintf(--------- show querying info,count=1,currtime=59 ---------
),iSndLen=-1,iLen=59,errno=[2:No such file or directory]
2023-09-24T15:46:22Z [Warning] DebugPrintf(queryrecord[0], mac=7c:a6:b0:da:23:0d
),iSndLen=-1,iLen=38,errno=[2:No such file or directory]
2023-09-24T15:46:22Z [Warning] DebugPrintf(queryrecord[0]=0x2dd4c8
),iSndLen=-1,iLen=24,errno=[2:No such file or directory]
2023-09-24T15:46:22Z [Warning] DebugPrintf(queryrecord[0],querying ip=192.168.1.14
),iSndLen=-1,iLen=40,errno=[2:No such file or directory]
2023-09-24T15:46:22Z [Warning] DebugPrintf(queryrecord[0],request ip=0.0.0.0
),iSndLen=-1,iLen=34,errno=[2:No such file or directory]
2023-09-24T15:46:22Z [Warning] DebugPrintf(queryrecord[0],expiredtime=61
),iSndLen=-1,iLen=30,errno=[2:No such file or directory]
2023-09-24T15:46:24Z [Warning] record not find,function getQueryRecord,ip [192.168.1.7]
2023-09-24T15:46:24Z [Warning] DebugPrintf(--------- show querying info,count=1,currtime=60 ---------
),iSndLen=-1,iLen=59,errno=[2:No such file or directory]
2023-09-24T15:46:24Z [Warning] DebugPrintf(queryrecord[0], mac=7c:a6:b0:da:23:0d
),iSndLen=-1,iLen=38,errno=[2:No such file or directory]
2023-09-24T15:46:24Z [Warning] DebugPrintf(queryrecord[0]=0x2dd4c8
),iSndLen=-1,iLen=24,errno=[2:No such file or directory]
2023-09-24T15:46:24Z [Warning] DebugPrintf(queryrecord[0],querying ip=192.168.1.14
),iSndLen=-1,iLen=40,errno=[2:No such file or directory]
2023-09-24T15:46:24Z [Warning] DebugPrintf(queryrecord[0],request ip=0.0.0.0
),iSndLen=-1,iLen=34,errno=[2:No such file or directory]
2023-09-24T15:46:24Z [Warning] DebugPrintf(queryrecord[0],expiredtime=61
),iSndLen=-1,iLen=30,errno=[2:No such file or directory]
2023-09-24T15:46:29Z [Warning] record not find,function getQueryRecord,ip [192.168.1.12]
2023-09-24T15:46:29Z [Warning] DebugPrintf(--------- show querying info,count=2,currtime=65 ---------
),iSndLen=-1,iLen=59,errno=[2:No such file or directory]
2023-09-24T15:46:29Z [Warning] DebugPrintf(queryrecord[0], mac=7c:87:ce:80:f0:ce
),iSndLen=-1,iLen=38,errno=[2:No such file or directory]
2023-09-24T15:46:29Z [Warning] DebugPrintf(queryrecord[0]=0x2dfea0
),iSndLen=-1,iLen=24,errno=[2:No such file or directory]
2023-09-24T15:46:29Z [Warning] DebugPrintf(queryrecord[0],querying ip=192.168.1.15
),iSndLen=-1,iLen=40,errno=[2:No such file or directory]
2023-09-24T15:46:29Z [Warning] DebugPrintf(queryrecord[0],request ip=0.0.0.0
),iSndLen=-1,iLen=34,errno=[2:No such file or directory]
2023-09-24T15:46:29Z [Warning] DebugPrintf(queryrecord[0],expiredtime=66
),iSndLen=-1,iLen=30,errno=[2:No such file or directory]
2023-09-24T15:46:29Z [Warning] DebugPrintf(queryrecord[1], mac=c0:06:c3:ab:9b:f6
),iSndLen=-1,iLen=38,errno=[2:No such file or directory]
2023-09-24T15:46:29Z [Warning] DebugPrintf(queryrecord[1]=0x2dd4c8
),iSndLen=-1,iLen=24,errno=[2:No such file or directory]
2023-09-24T15:46:29Z [Warning] DebugPrintf(queryrecord[1],querying ip=192.168.1.19
),iSndLen=-1,iLen=40,errno=[2:No such file or directory]
2023-09-24T15:46:29Z [Warning] DebugPrintf(queryrecord[1],request ip=0.0.0.0
),iSndLen=-1,iLen=34,errno=[2:No such file or directory]
2023-09-24T15:46:29Z [Warning] DebugPrintf(queryrecord[1],expiredtime=66
),iSndLen=-1,iLen=30,errno=[2:No such file or directory]
2023-09-24T15:46:30Z [Error] [multiapd.map.slave] ASEND [0xA258] to [multiapd.topo.topo],(swLen=-1)<(Len=1140),path=/var/tmp/multiapd.topo_asy,errno=[2:No such file or directory] !
2023-09-24T15:46:31Z [Error] [multiapd.map.slave] ASEND [0xA258] to [multiapd.topo.topo],(swLen=-1)<(Len=1140),path=/var/tmp/multiapd.topo_asy,errno=[2:No such file or directory] !
2023-09-24T15:46:39Z [Warning] record not find,function getQueryRecord,ip [192.168.1.19]
2023-09-24T15:46:39Z [Warning] DebugPrintf(--------- show querying info,count=1,currtime=75 ---------
),iSndLen=-1,iLen=59,errno=[2:No such file or directory]
2023-09-24T15:46:39Z [Warning] DebugPrintf(queryrecord[0], mac=7c:87:ce:80:f0:ce
),iSndLen=-1,iLen=38,errno=[2:No such file or directory]
2023-09-24T15:46:39Z [Warning] DebugPrintf(queryrecord[0]=0x2dd4c8
),iSndLen=-1,iLen=24,errno=[2:No such file or directory]
2023-09-24T15:46:39Z [Warning] DebugPrintf(queryrecord[0],querying ip=192.168.1.15
),iSndLen=-1,iLen=40,errno=[2:No such file or directory]
2023-09-24T15:46:39Z [Warning] DebugPrintf(queryrecord[0],request ip=0.0.0.0
),iSndLen=-1,iLen=34,errno=[2:No such file or directory]
2023-09-24T15:46:39Z [Warning] DebugPrintf(queryrecord[0],expiredtime=77
),iSndLen=-1,iLen=30,errno=[2:No such file or directory]
2023-09-24T15:46:44Z [Warning] Call function failed!slaacFindByIFName, IFName:br0
2023-09-24T15:47:25Z [Error] [multiapd.map.slave] ASEND [0xA258] to [multiapd.topo.topo],(swLen=-1)<(Len=1140),path=/var/tmp/multiapd.topo_asy,errno=[2:No such file or directory] !
2023-09-24T15:47:58Z [Warning] record not find,function getQueryRecord,ip [192.168.1.7]
2023-09-24T15:47:58Z [Warning] DebugPrintf(--------- show querying info,count=1,currtime=155 ---------
),iSndLen=-1,iLen=60,errno=[2:No such file or directory]
2023-09-24T15:47:58Z [Warning] DebugPrintf(queryrecord[0], mac=e0:aa:96:ec:08:72
),iSndLen=-1,iLen=38,errno=[2:No such file or directory]
2023-09-24T15:47:58Z [Warning] DebugPrintf(queryrecord[0]=0x2dd4c8
),iSndLen=-1,iLen=24,errno=[2:No such file or directory]
2023-09-24T15:47:58Z [Warning] DebugPrintf(queryrecord[0],querying ip=192.168.1.23
),iSndLen=-1,iLen=40,errno=[2:No such file or directory]
2023-09-24T15:47:58Z [Warning] DebugPrintf(queryrecord[0],request ip=0.0.0.0
),iSndLen=-1,iLen=34,errno=[2:No such file or directory]
2023-09-24T15:47:58Z [Warning] DebugPrintf(queryrecord[0],expiredtime=156
),iSndLen=-1,iLen=31,errno=[2:No such file or directory]
2023-09-24T15:48:22Z [Warning] Call function failed!slaacFindByIFName, IFName:br0
2023-09-24T15:48:53Z [Warning] record not find,function getQueryRecord,ip [192.168.1.10]
2023-09-24T15:48:53Z [Warning] DebugPrintf(--------- show querying info,count=1,currtime=209 ---------
),iSndLen=-1,iLen=60,errno=[2:No such file or directory]
2023-09-24T15:48:53Z [Warning] DebugPrintf(queryrecord[0], mac=40:3f:8c:f6:87:1c
),iSndLen=-1,iLen=38,errno=[2:No such file or directory]
2023-09-24T15:48:53Z [Warning] DebugPrintf(queryrecord[0]=0x2dd4c8
),iSndLen=-1,iLen=24,errno=[2:No such file or directory]
2023-09-24T15:48:53Z [Warning] DebugPrintf(queryrecord[0],querying ip=192.168.1.24
),iSndLen=-1,iLen=40,errno=[2:No such file or directory]
2023-09-24T15:48:53Z [Warning] DebugPrintf(queryrecord[0],request ip=0.0.0.0
),iSndLen=-1,iLen=34,errno=[2:No such file or directory]
2023-09-24T15:48:53Z [Warning] DebugPrintf(queryrecord[0],expiredtime=210
),iSndLen=-1,iLen=31,errno=[2:No such file or directory]
2023-09-24T15:48:53Z [Warning] record not find,function getQueryRecord,ip [192.168.1.3]
2023-09-24T15:48:53Z [Warning] DebugPrintf(--------- show querying info,count=1,currtime=209 ---------
),iSndLen=-1,iLen=60,errno=[2:No such file or directory]
2023-09-24T15:48:53Z [Warning] DebugPrintf(queryrecord[0], mac=40:3f:8c:f6:87:1c
),iSndLen=-1,iLen=38,errno=[2:No such file or directory]
2023-09-24T15:48:53Z [Warning] DebugPrintf(queryrecord[0]=0x2dd4c8
),iSndLen=-1,iLen=24,errno=[2:No such file or directory]
2023-09-24T15:48:53Z [Warning] DebugPrintf(queryrecord[0],querying ip=192.168.1.24
),iSndLen=-1,iLen=40,errno=[2:No such file or directory]
2023-09-24T15:48:53Z [Warning] DebugPrintf(queryrecord[0],request ip=0.0.0.0
),iSndLen=-1,iLen=34,errno=[2:No such file or directory]
2023-09-24T15:48:53Z [Warning] DebugPrintf(queryrecord[0],expiredtime=210
),iSndLen=-1,iLen=31,errno=[2:No such file or directory]
2023-09-24T15:53:21Z [Warning] Call function failed!slaacFindByIFName, IFName:br0
2023-09-24T16:01:06Z [Warning] Call function failed!slaacFindByIFName, IFName:br0
2023-09-24T16:01:59Z [Error] [multiapd.map.slave] ASEND [0xA258] to [multiapd.topo.topo],(swLen=-1)<(Len=1140),path=/var/tmp/multiapd.topo_asy,errno=[2:No such file or directory] !
2023-09-24T16:13:22Z [Warning] Call function failed!slaacFindByIFName, IFName:br0
2023-09-24T16:14:35Z [Warning] Call function failed!slaacFindByIFName, IFName:br0
2023-09-24T16:23:40Z [Warning] Call function failed!slaacFindByIFName, IFName:br0
2023-09-24T16:28:49Z [Warning] Call function failed!slaacFindByIFName, IFName:br0
2023-09-24T16:34:36Z [Warning] Call function failed!slaacFindByIFName, IFName:br0
2023-09-24T16:38:21Z [Warning] Call function failed!slaacFindByIFName, IFName:br0
2023-09-24T16:41:06Z [Warning] record not find,function getQueryRecord,ip [192.168.1.80]
2023-09-24T16:41:06Z [Warning] DebugPrintf(--------- show querying info,count=1,currtime=3342 ---------
),iSndLen=-1,iLen=61,errno=[2:No such file or directory]
2023-09-24T16:41:06Z [Warning] DebugPrintf(queryrecord[0], mac=34:68:95:5f:6f:76
),iSndLen=-1,iLen=38,errno=[2:No such file or directory]
2023-09-24T16:41:06Z [Warning] DebugPrintf(queryrecord[0]=0x2dd4c8
),iSndLen=-1,iLen=24,errno=[2:No such file or directory]
2023-09-24T16:41:06Z [Warning] DebugPrintf(queryrecord[0],querying ip=192.168.1.2
),iSndLen=-1,iLen=39,errno=[2:No such file or directory]
2023-09-24T16:41:06Z [Warning] DebugPrintf(queryrecord[0],request ip=0.0.0.0
),iSndLen=-1,iLen=34,errno=[2:No such file or directory]
2023-09-24T16:41:06Z [Warning] DebugPrintf(queryrecord[0],expiredtime=3343
),iSndLen=-1,iLen=32,errno=[2:No such file or directory]
2023-09-24T16:42:14Z [Warning] record not find,function getQueryRecord,ip [192.168.1.3]
2023-09-24T16:42:14Z [Warning] DebugPrintf(--------- show querying info,count=1,currtime=3410 ---------
),iSndLen=-1,iLen=61,errno=[2:No such file or directory]
2023-09-24T16:42:14Z [Warning] DebugPrintf(queryrecord[0], mac=dc:e5:5b:64:24:cb
),iSndLen=-1,iLen=38,errno=[2:No such file or directory]
2023-09-24T16:42:14Z [Warning] DebugPrintf(queryrecord[0]=0x2dd4c8
),iSndLen=-1,iLen=24,errno=[2:No such file or directory]
2023-09-24T16:42:14Z [Warning] DebugPrintf(queryrecord[0],querying ip=192.168.1.110
),iSndLen=-1,iLen=41,errno=[2:No such file or directory]
2023-09-24T16:42:14Z [Warning] DebugPrintf(queryrecord[0],request ip=192.168.1.110
),iSndLen=-1,iLen=40,errno=[2:No such file or directory]
2023-09-24T16:42:14Z [Warning] DebugPrintf(queryrecord[0],expiredtime=3410
),iSndLen=-1,iLen=32,errno=[2:No such file or directory]
2023-09-24T16:42:48Z [Warning] Call function failed!slaacFindByIFName, IFName:br0
2023-09-24T16:46:06Z [Warning] Call function failed!slaacFindByIFName, IFName:br0
2023-09-24T16:54:24Z [Warning] Call function failed!slaacFindByIFName, IFName:br0
2023-09-24T16:56:06Z [Warning] Call function failed!slaacFindByIFName, IFName:br0
2023-09-24T16:59:19Z [Warning] record not find,function getQueryRecord,ip [192.168.1.5]
2023-09-24T16:59:19Z [Warning] DebugPrintf(--------- show querying info,count=1,currtime=4435 ---------
),iSndLen=-1,iLen=61,errno=[2:No such file or directory]
2023-09-24T16:59:19Z [Warning] DebugPrintf(queryrecord[0], mac=e0:aa:96:ec:08:72
),iSndLen=-1,iLen=38,errno=[2:No such file or directory]
2023-09-24T16:59:19Z [Warning] DebugPrintf(queryrecord[0]=0x2dd4c8
),iSndLen=-1,iLen=24,errno=[2:No such file or directory]
2023-09-24T16:59:19Z [Warning] DebugPrintf(queryrecord[0],querying ip=192.168.1.17
),iSndLen=-1,iLen=40,errno=[2:No such file or directory]
2023-09-24T16:59:19Z [Warning] DebugPrintf(queryrecord[0],request ip=0.0.0.0
),iSndLen=-1,iLen=34,errno=[2:No such file or directory]
2023-09-24T16:59:19Z [Warning] DebugPrintf(queryrecord[0],expiredtime=4435
),iSndLen=-1,iLen=32,errno=[2:No such file or directory]
2023-09-24T16:59:26Z [Warning] Call function failed!slaacFindByIFName, IFName:br0
2023-09-24T17:03:22Z [Warning] Call function failed!slaacFindByIFName, IFName:br0
2023-09-24T17:08:22Z [Warning] Call function failed!slaacFindByIFName, IFName:br0
2023-09-24T17:18:22Z [Warning] Call function failed!slaacFindByIFName, IFName:br0
2023-09-24T17:23:22Z [Warning] Call function failed!slaacFindByIFName, IFName:br0
2023-09-24T17:32:54Z [Warning] Call function failed!slaacFindByIFName, IFName:br0
2023-09-24T17:38:22Z [Warning] Call function failed!slaacFindByIFName, IFName:br0
2023-09-24T17:43:13Z [Warning] Call function failed!slaacFindByIFName, IFName:br0
2023-09-24T17:45:31Z [Error] [multiapd.map.slave] ASEND [0xA258] to [multiapd.topo.topo],(swLen=-1)<(Len=1140),path=/var/tmp/multiapd.topo_asy,errno=[2:No such file or directory] !
2023-09-24T17:45:34Z [Warning] record not find,function getQueryRecord,ip [192.168.1.3]
2023-09-24T17:45:34Z [Warning] DebugPrintf(--------- show querying info,count=1,currtime=7210 ---------
),iSndLen=-1,iLen=61,errno=[2:No such file or directory]
2023-09-24T17:45:34Z [Warning] DebugPrintf(queryrecord[0], mac=20:1f:3b:00:43:2c
),iSndLen=-1,iLen=38,errno=[2:No such file or directory]
2023-09-24T17:45:34Z [Warning] DebugPrintf(queryrecord[0]=0x2dd4c8
),iSndLen=-1,iLen=24,errno=[2:No such file or directory]
2023-09-24T17:45:34Z [Warning] DebugPrintf(queryrecord[0],querying ip=192.168.1.23
),iSndLen=-1,iLen=40,errno=[2:No such file or directory]
2023-09-24T17:45:34Z [Warning] DebugPrintf(queryrecord[0],request ip=0.0.0.0
),iSndLen=-1,iLen=34,errno=[2:No such file or directory]
2023-09-24T17:45:34Z [Warning] DebugPrintf(queryrecord[0],expiredtime=7210
),iSndLen=-1,iLen=32,errno=[2:No such file or directory]
2023-09-24T17:46:06Z [Warning] Call function failed!slaacFindByIFName, IFName:br0
2023-09-24T17:55:20Z [Error] [multiapd.map.slave] ASEND [0xA258] to [multiapd.topo.topo],(swLen=-1)<(Len=1140),path=/var/tmp/multiapd.topo_asy,errno=[2:No such file or directory] !
2023-09-24T17:56:06Z [Warning] Call function failed!slaacFindByIFName, IFName:br0
2023-09-24T17:56:25Z [Error] [multiapd.map.slave] ASEND [0xA258] to [multiapd.topo.topo],(swLen=-1)<(Len=1140),path=/var/tmp/multiapd.topo_asy,errno=[2:No such file or directory] !
2023-09-24T17:58:22Z [Warning] Call function failed!slaacFindByIFName, IFName:br0
2023-09-24T18:01:04Z [Error] [multiapd.map.slave] ASEND [0xA258] to [multiapd.topo.topo],(swLen=-1)<(Len=1140),path=/var/tmp/multiapd.topo_asy,errno=[2:No such file or directory] !
2023-09-24T18:01:06Z [Warning] Call function failed!slaacFindByIFName, IFName:br0
2023-09-24T18:01:41Z [Error] [multiapd.map.slave] ASEND [0xA258] to [multiapd.topo.topo],(swLen=-1)<(Len=1140),path=/var/tmp/multiapd.topo_asy,errno=[2:No such file or directory] !
2023-09-24T18:01:46Z [Warning] Call function failed!slaacFindByIFName, IFName:br0
2023-09-24T18:02:34Z [Warning] Call function failed!slaacFindByIFName, IFName:br0
2023-09-24T18:07:56Z [Warning] Call function failed!slaacFindByIFName, IFName:br0
2023-09-24T18:09:36Z [Warning] Call function failed!slaacFindByIFName, IFName:br0
2023-09-24T18:18:22Z [Warning] Call function failed!slaacFindByIFName, IFName:br0
2023-09-24T18:23:21Z [Warning] Call function failed!slaacFindByIFName, IFName:br0
2023-09-24T18:29:36Z [Warning] Call function failed!slaacFindByIFName, IFName:br0
2023-09-24T18:38:22Z [Warning] Call function failed!slaacFindByIFName, IFName:br0
2023-09-24T18:43:21Z [Warning] Call function failed!slaacFindByIFName, IFName:br0
2023-09-24T18:46:06Z [Warning] Call function failed!slaacFindByIFName, IFName:br0
2023-09-24T18:55:23Z [Warning] Call function failed!slaacFindByIFName, IFName:br0
2023-09-24T19:03:22Z [Warning] Call function failed!slaacFindByIFName, IFName:br0
2023-09-24T19:09:36Z [Warning] Call function failed!slaacFindByIFName, IFName:br0
2023-09-24T19:13:22Z [Warning] Call function failed!slaacFindByIFName, IFName:br0
2023-09-24T19:23:22Z [Warning] Call function failed!slaacFindByIFName, IFName:br0
2023-09-24T19:32:46Z [Error] [multiapd.map.slave] ASEND [0xA258] to [multiapd.topo.topo],(swLen=-1)<(Len=1140),path=/var/tmp/multiapd.topo_asy,errno=[2:No such file or directory] !
2023-09-24T19:32:49Z [Warning] Call function failed!slaacFindByIFName, IFName:br0
2023-09-24T19:32:50Z [Warning] record not find,function getQueryRecord,ip [192.168.1.6]
2023-09-24T19:32:50Z [Warning] DebugPrintf(--------- show querying info,count=1,currtime=13646 ---------
),iSndLen=-1,iLen=62,errno=[2:No such file or directory]
2023-09-24T19:32:50Z [Warning] DebugPrintf(queryrecord[0], mac=9a:64:ec:bb:6d:90
),iSndLen=-1,iLen=38,errno=[2:No such file or directory]
2023-09-24T19:32:50Z [Warning] DebugPrintf(queryrecord[0]=0x2df0f8
),iSndLen=-1,iLen=24,errno=[2:No such file or directory]
2023-09-24T19:32:50Z [Warning] DebugPrintf(queryrecord[0],querying ip=192.168.1.26
),iSndLen=-1,iLen=40,errno=[2:No such file or directory]
2023-09-24T19:32:50Z [Warning] DebugPrintf(queryrecord[0],request ip=0.0.0.0
),iSndLen=-1,iLen=34,errno=[2:No such file or directory]
2023-09-24T19:32:50Z [Warning] DebugPrintf(queryrecord[0],expiredtime=13645
),iSndLen=-1,iLen=33,errno=[2:No such file or directory]
2023-09-24T19:35:43Z [Warning] Call function failed!slaacFindByIFName, IFName:br0
2023-09-24T19:39:36Z [Warning] Call function failed!slaacFindByIFName, IFName:br0
2023-09-24T19:45:48Z [Warning] Call function failed!slaacFindByIFName, IFName:br0
2023-09-24T19:47:21Z [Warning] Call function failed!slaacFindByIFName, IFName:br0
2023-09-24T19:55:52Z [Warning] Call function failed!slaacFindByIFName, IFName:br0
2023-09-24T20:00:55Z [Warning] Call function failed!slaacFindByIFName, IFName:br0
2023-09-24T20:09:36Z [Warning] Call function failed!slaacFindByIFName, IFName:br0
2023-09-24T20:14:36Z [Warning] Call function failed!slaacFindByIFName, IFName:br0
2023-09-24T20:16:02Z [Warning] Call function failed!slaacFindByIFName, IFName:br0
2023-09-24T20:23:22Z [Warning] Call function failed!slaacFindByIFName, IFName:br0
2023-09-24T20:29:36Z [Warning] Call function failed!slaacFindByIFName, IFName:br0
2023-09-24T20:39:36Z [Warning] Call function failed!slaacFindByIFName, IFName:br0
2023-09-24T20:44:36Z [Warning] Call function failed!slaacFindByIFName, IFName:br0
2023-09-24T20:49:14Z [Warning] Call function failed!slaacFindByIFName, IFName:br0
2023-09-24T20:52:17Z [Warning] Call function failed!slaacFindByIFName, IFName:br0
2023-09-24T20:59:36Z [Warning] Call function failed!slaacFindByIFName, IFName:br0
2023-09-24T21:01:06Z [Warning] Call function failed!slaacFindByIFName, IFName:br0
2023-09-24T21:01:20Z [Error] [multiapd.map.slave] ASEND [0xA258] to [multiapd.topo.topo],(swLen=-1)<(Len=1140),path=/var/tmp/multiapd.topo_asy,errno=[2:No such file or directory] !
2023-09-24T21:01:54Z [Warning] Call function failed!slaacFindByIFName, IFName:br0
2023-09-24T21:09:36Z [Warning] Call function failed!slaacFindByIFName, IFName:br0
2023-09-24T21:14:36Z [Warning] Call function failed!slaacFindByIFName, IFName:br0
2023-09-24T21:24:36Z [Warning] Call function failed!slaacFindByIFName, IFName:br0
2023-09-24T21:25:56Z [Warning] Call function failed!slaacFindByIFName, IFName:br0
2023-09-24T21:28:22Z [Warning] Call function failed!slaacFindByIFName, IFName:br0
2023-09-24T21:38:02Z [Warning] Call function failed!slaacFindByIFName, IFName:br0
2023-09-24T21:43:22Z [Warning] Call function failed!slaacFindByIFName, IFName:br0
2023-09-24T21:46:06Z [Warning] Call function failed!slaacFindByIFName, IFName:br0
2023-09-24T21:49:36Z [Warning] Call function failed!slaacFindByIFName, IFName:br0
2023-09-24T21:56:03Z [Warning] Call function failed!slaacFindByIFName, IFName:br0
2023-09-24T22:03:21Z [Warning] Call function failed!slaacFindByIFName, IFName:br0
2023-09-24T22:08:22Z [Warning] Call function failed!slaacFindByIFName, IFName:br0
2023-09-24T22:13:45Z [Warning] Call function failed!slaacFindByIFName, IFName:br0
2023-09-24T22:18:22Z [Warning] Call function failed!slaacFindByIFName, IFName:br0
2023-09-24T22:28:22Z [Warning] Call function failed!slaacFindByIFName, IFName:br0
2023-09-24T22:36:06Z [Warning] Call function failed!slaacFindByIFName, IFName:br0
2023-09-24T22:43:21Z [Warning] Call function failed!slaacFindByIFName, IFName:br0
2023-09-24T22:46:06Z [Warning] Call function failed!slaacFindByIFName, IFName:br0
2023-09-24T22:52:13Z [Warning] Call function failed!slaacFindByIFName, IFName:br0
2023-09-24T22:58:25Z [Warning] Call function failed!slaacFindByIFName, IFName:br0
2023-09-24T23:01:55Z [Warning] Call function failed!slaacFindByIFName, IFName:br0
2023-09-24T23:11:06Z [Warning] Call function failed!slaacFindByIFName, IFName:br0
2023-09-24T23:21:06Z [Warning] Call function failed!slaacFindByIFName, IFName:br0
2023-09-24T23:25:39Z [Warning] Call function failed!slaacFindByIFName, IFName:br0
2023-09-24T23:31:06Z [Warning] Call function failed!slaacFindByIFName, IFName:br0
2023-09-24T23:37:44Z [Warning] Call function failed!slaacFindByIFName, IFName:br0
2023-09-24T23:46:06Z [Warning] Call function failed!slaacFindByIFName, IFName:br0
2023-09-24T23:52:53Z [Warning] Call function failed!slaacFindByIFName, IFName:br0
2023-09-24T23:57:56Z [Warning] Call function failed!slaacFindByIFName, IFName:br0
2023-09-24T23:59:36Z [Warning] Call function failed!slaacFindByIFName, IFName:br0
2023-09-25T00:01:51Z [Warning] Call function failed!slaacFindByIFName, IFName:br0
2023-09-25T00:08:01Z [Warning] Call function failed!slaacFindByIFName, IFName:br0
2023-09-25T00:11:06Z [Warning] Call function failed!slaacFindByIFName, IFName:br0
2023-09-25T00:16:06Z [Warning] Call function failed!slaacFindByIFName, IFName:br0
2023-09-25T00:21:41Z [Warning] Call function failed!slaacFindByIFName, IFName:br0
2023-09-25T00:22:06Z [Warning] Call function failed!slaacFindByIFName, IFName:br0
2023-09-25T00:26:05Z [Warning] Call function failed!slaacFindByIFName, IFName:br0
2023-09-25T00:31:56Z [Warning] Call function failed!slaacFindByIFName, IFName:br0
2023-09-25T00:35:16Z [Warning] Call function failed!CmDhcp4sCfgSet
2023-09-25T00:36:05Z [Warning] Call function failed!slaacFindByIFName, IFName:br0
